0:0:0:0:0:0:0:1 - - [04/Jul/2015:00:00:24 +0100] "GET / HTTP/1.1" 302 -
0:0:0:0:0:0:0:1 - - [04/Jul/2015:00:00:24 +0100] "GET /%20appointments HTTP/1.1" 200 504
0:0:0:0:0:0:0:1 - - [04/Jul/2015:00:01:36 +0100] "GET / HTTP/1.1" 302 -
0:0:0:0:0:0:0:1 - - [04/Jul/2015:00:01:37 +0100] "GET /appointments HTTP/1.1" 200 504
0:0:0:0:0:0:0:1 - - [04/Jul/2015:00:01:37 +0100] "GET /js/jquery-ui.css HTTP/1.1" 304 -
0:0:0:0:0:0:0:1 - - [04/Jul/2015:00:01:37 +0100] "GET /js/jquery-ui.theme.css HTTP/1.1" 304 -
0:0:0:0:0:0:0:1 - - [04/Jul/2015:00:01:44 +0100] "GET / HTTP/1.1" 302 -
0:0:0:0:0:0:0:1 - - [04/Jul/2015:00:01:44 +0100] "GET /appointments HTTP/1.1" 200 504
0:0:0:0:0:0:0:1 - - [04/Jul/2015:00:08:54 +0100] "GET /appointments HTTP/1.1" 200 1083
0:0:0:0:0:0:0:1 - - [04/Jul/2015:00:09:07 +0100] "GET / HTTP/1.1" 302 -
0:0:0:0:0:0:0:1 - - [04/Jul/2015:00:09:07 +0100] "GET /appointments HTTP/1.1" 200 1083
0:0:0:0:0:0:0:1 - - [04/Jul/2015:00:09:10 +0100] "GET / HTTP/1.1" 302 -
0:0:0:0:0:0:0:1 - - [04/Jul/2015:00:09:10 +0100] "GET /appointments HTTP/1.1" 200 1083
0:0:0:0:0:0:0:1 - - [04/Jul/2015:00:09:11 +0100] "GET / HTTP/1.1" 302 -
0:0:0:0:0:0:0:1 - - [04/Jul/2015:00:09:11 +0100] "GET /appointments HTTP/1.1" 200 1083
0:0:0:0:0:0:0:1 - - [04/Jul/2015:00:09:12 +0100] "GET / HTTP/1.1" 302 -
0:0:0:0:0:0:0:1 - - [04/Jul/2015:00:09:12 +0100] "GET /appointments HTTP/1.1" 200 1083
0:0:0:0:0:0:0:1 - - [04/Jul/2015:00:11:37 +0100] "GET /appointments HTTP/1.1" 200 1429
0:0:0:0:0:0:0:1 - - [04/Jul/2015:00:38:05 +0100] "GET /appointments HTTP/1.1" 500 516
0:0:0:0:0:0:0:1 - - [04/Jul/2015:00:40:00 +0100] "GET /appointments HTTP/1.1" 200 1613
0:0:0:0:0:0:0:1 - - [04/Jul/2015:08:55:20 +0100] "GET / HTTP/1.1" 302 -
0:0:0:0:0:0:0:1 - - [04/Jul/2015:08:55:20 +0100] "GET /appointments HTTP/1.1" 500 385
0:0:0:0:0:0:0:1 - - [04/Jul/2015:08:56:20 +0100] "GET /appointments HTTP/1.1" 200 3203
0:0:0:0:0:0:0:1 - - [04/Jul/2015:09:09:22 +0100] "GET /appointments HTTP/1.1" 200 3246
0:0:0:0:0:0:0:1 - - [04/Jul/2015:09:11:44 +0100] "GET /appointments HTTP/1.1" 200 3246
0:0:0:0:0:0:0:1 - - [04/Jul/2015:09:12:31 +0100] "GET /appointments HTTP/1.1" 200 3336
0:0:0:0:0:0:0:1 - - [04/Jul/2015:09:14:14 +0100] "GET /appointments HTTP/1.1" 200 3473
0:0:0:0:0:0:0:1 - - [04/Jul/2015:09:14:19 +0100] "POST /appointment/create HTTP/1.1" 302 -
0:0:0:0:0:0:0:1 - - [04/Jul/2015:09:14:19 +0100] "GET /appointment HTTP/1.1" 404 306
0:0:0:0:0:0:0:1 - - [04/Jul/2015:09:14:50 +0100] "GET /appointments HTTP/1.1" 200 3508
0:0:0:0:0:0:0:1 - - [04/Jul/2015:09:15:48 +0100] "GET /appointments HTTP/1.1" 200 3265
0:0:0:0:0:0:0:1 - - [04/Jul/2015:09:15:51 +0100] "POST /appointment/create HTTP/1.1" 302 -
0:0:0:0:0:0:0:1 - - [04/Jul/2015:09:15:51 +0100] "GET /appointment HTTP/1.1" 404 306
0:0:0:0:0:0:0:1 - - [04/Jul/2015:09:24:16 +0100] "GET /appointments HTTP/1.1" 200 3265
0:0:0:0:0:0:0:1 - - [04/Jul/2015:09:24:19 +0100] "POST /appointment/create HTTP/1.1" 302 -
0:0:0:0:0:0:0:1 - - [04/Jul/2015:09:24:19 +0100] "GET /appointment HTTP/1.1" 404 306
0:0:0:0:0:0:0:1 - - [04/Jul/2015:09:24:35 +0100] "GET /appointments HTTP/1.1" 200 3265
0:0:0:0:0:0:0:1 - - [04/Jul/2015:09:25:00 +0100] "POST /appointment/create HTTP/1.1" 302 -
0:0:0:0:0:0:0:1 - - [04/Jul/2015:09:25:00 +0100] "GET /appointment HTTP/1.1" 404 306
0:0:0:0:0:0:0:1 - - [04/Jul/2015:09:27:08 +0100] "GET /appointments HTTP/1.1" 200 3265
0:0:0:0:0:0:0:1 - - [04/Jul/2015:09:27:10 +0100] "POST /appointment/create HTTP/1.1" 302 -
0:0:0:0:0:0:0:1 - - [04/Jul/2015:09:27:10 +0100] "GET /appointments HTTP/1.1" 200 3265
0:0:0:0:0:0:0:1 - - [04/Jul/2015:16:14:48 +0100] "GET / HTTP/1.1" 302 -
0:0:0:0:0:0:0:1 - - [04/Jul/2015:16:14:49 +0100] "GET /appointments HTTP/1.1" 200 3265
0:0:0:0:0:0:0:1 - - [04/Jul/2015:16:18:01 +0100] "GET /appointments HTTP/1.1" 200 3232
0:0:0:0:0:0:0:1 - - [04/Jul/2015:16:19:53 +0100] "GET /appointments HTTP/1.1" 200 3250
0:0:0:0:0:0:0:1 - - [04/Jul/2015:16:57:46 +0100] "GET /appointments HTTP/1.1" 200 3250
0:0:0:0:0:0:0:1 - - [04/Jul/2015:16:57:49 +0100] "GET /appointments HTTP/1.1" 200 3250
0:0:0:0:0:0:0:1 - - [04/Jul/2015:16:57:53 +0100] "POST /appointment/create HTTP/1.1" 302 -
0:0:0:0:0:0:0:1 - - [04/Jul/2015:16:57:53 +0100] "GET /appointments HTTP/1.1" 200 3250
0:0:0:0:0:0:0:1 - - [04/Jul/2015:16:59:23 +0100] "GET /appointments HTTP/1.1" 200 3283
0:0:0:0:0:0:0:1 - - [04/Jul/2015:16:59:28 +0100] "GET /appointments HTTP/1.1" 200 3283
0:0:0:0:0:0:0:1 - - [04/Jul/2015:16:59:46 +0100] "GET /appointments HTTP/1.1" 200 3272
0:0:0:0:0:0:0:1 - - [04/Jul/2015:16:59:50 +0100] "GET /appointments HTTP/1.1" 200 3272
0:0:0:0:0:0:0:1 - - [04/Jul/2015:17:00:10 +0100] "GET /appointments HTTP/1.1" 200 3261
0:0:0:0:0:0:0:1 - - [04/Jul/2015:17:01:37 +0100] "POST /appointment/create HTTP/1.1" 302 -
0:0:0:0:0:0:0:1 - - [04/Jul/2015:17:01:37 +0100] "GET /appointments HTTP/1.1" 200 3261
0:0:0:0:0:0:0:1 - - [04/Jul/2015:17:02:51 +0100] "GET /appointments HTTP/1.1" 200 3279
0:0:0:0:0:0:0:1 - - [04/Jul/2015:17:02:53 +0100] "POST /appointment/create HTTP/1.1" 302 -
0:0:0:0:0:0:0:1 - - [04/Jul/2015:17:02:53 +0100] "GET /appointments HTTP/1.1" 200 3279
0:0:0:0:0:0:0:1 - - [04/Jul/2015:17:02:54 +0100] "POST /appointment/create HTTP/1.1" 302 -
0:0:0:0:0:0:0:1 - - [04/Jul/2015:17:02:54 +0100] "GET /appointments HTTP/1.1" 200 3279
0:0:0:0:0:0:0:1 - - [04/Jul/2015:17:08:33 +0100] "GET /appointments HTTP/1.1" 200 3279
0:0:0:0:0:0:0:1 - - [04/Jul/2015:17:08:36 +0100] "POST /appointment/create HTTP/1.1" 200 3279
0:0:0:0:0:0:0:1 - - [04/Jul/2015:17:32:37 +0100] "GET / HTTP/1.1" 302 -
0:0:0:0:0:0:0:1 - - [04/Jul/2015:17:32:37 +0100] "GET /appointments HTTP/1.1" 200 3353
0:0:0:0:0:0:0:1 - - [04/Jul/2015:17:32:39 +0100] "POST /appointment/create HTTP/1.1" 200 3379
0:0:0:0:0:0:0:1 - - [04/Jul/2015:17:34:13 +0100] "POST /appointment/create HTTP/1.1" 200 3379
0:0:0:0:0:0:0:1 - - [04/Jul/2015:17:35:49 +0100] "GET / HTTP/1.1" 302 -
0:0:0:0:0:0:0:1 - - [04/Jul/2015:17:35:50 +0100] "GET /appointments HTTP/1.1" 200 3353
0:0:0:0:0:0:0:1 - - [04/Jul/2015:17:35:53 +0100] "POST /appointment/create HTTP/1.1" 200 3379
0:0:0:0:0:0:0:1 - - [04/Jul/2015:17:36:10 +0100] "POST /appointment/create HTTP/1.1" 200 3834
0:0:0:0:0:0:0:1 - - [04/Jul/2015:17:39:19 +0100] "GET / HTTP/1.1" 302 -
0:0:0:0:0:0:0:1 - - [04/Jul/2015:17:39:19 +0100] "GET /appointments HTTP/1.1" 200 3453
0:0:0:0:0:0:0:1 - - [04/Jul/2015:17:39:22 +0100] "POST /appointment/create HTTP/1.1" 200 3507
0:0:0:0:0:0:0:1 - - [04/Jul/2015:17:42:54 +0100] "GET / HTTP/1.1" 302 -
0:0:0:0:0:0:0:1 - - [04/Jul/2015:17:42:54 +0100] "GET /appointments HTTP/1.1" 200 3453
0:0:0:0:0:0:0:1 - - [04/Jul/2015:17:42:56 +0100] "POST /appointment/create HTTP/1.1" 200 3608
0:0:0:0:0:0:0:1 - - [04/Jul/2015:17:45:00 +0100] "GET /appointments HTTP/1.1" 200 3536
0:0:0:0:0:0:0:1 - - [04/Jul/2015:17:45:01 +0100] "POST /appointment/create HTTP/1.1" 200 3595
0:0:0:0:0:0:0:1 - - [04/Jul/2015:17:54:28 +0100] "GET / HTTP/1.1" 302 -
0:0:0:0:0:0:0:1 - - [04/Jul/2015:17:54:28 +0100] "GET /appointments HTTP/1.1" 200 3453
0:0:0:0:0:0:0:1 - - [04/Jul/2015:17:55:56 +0100] "GET /appointments HTTP/1.1" 200 3453
0:0:0:0:0:0:0:1 - - [04/Jul/2015:17:55:58 +0100] "POST /appointment/create HTTP/1.1" 200 3681
0:0:0:0:0:0:0:1 - - [04/Jul/2015:17:56:58 +0100] "GET /appointment/create HTTP/1.1" 405 337
0:0:0:0:0:0:0:1 - - [04/Jul/2015:17:57:07 +0100] "GET /appointments HTTP/1.1" 200 3453
0:0:0:0:0:0:0:1 - - [04/Jul/2015:17:57:09 +0100] "POST /appointment/create HTTP/1.1" 200 3808
0:0:0:0:0:0:0:1 - - [04/Jul/2015:17:59:07 +0100] "GET /appointments HTTP/1.1" 200 3453
0:0:0:0:0:0:0:1 - - [04/Jul/2015:17:59:09 +0100] "POST /appointment/create HTTP/1.1" 200 3808
0:0:0:0:0:0:0:1 - - [04/Jul/2015:18:00:25 +0100] "POST /appointment/create HTTP/1.1" 200 3810
0:0:0:0:0:0:0:1 - - [04/Jul/2015:18:01:23 +0100] "POST /appointment/create HTTP/1.1" 200 3810
0:0:0:0:0:0:0:1 - - [04/Jul/2015:18:01:31 +0100] "POST /appointment/create HTTP/1.1" 200 4710
0:0:0:0:0:0:0:1 - - [04/Jul/2015:18:28:56 +0100] "GET / HTTP/1.1" 302 -
0:0:0:0:0:0:0:1 - - [04/Jul/2015:18:28:56 +0100] "GET /appointments HTTP/1.1" 200 3453
0:0:0:0:0:0:0:1 - - [04/Jul/2015:18:28:59 +0100] "POST /appointment/create HTTP/1.1" 200 3810
0:0:0:0:0:0:0:1 - - [04/Jul/2015:18:29:16 +0100] "POST /appointment/create HTTP/1.1" 200 4165
0:0:0:0:0:0:0:1 - - [04/Jul/2015:18:35:34 +0100] "GET / HTTP/1.1" 302 -
0:0:0:0:0:0:0:1 - - [04/Jul/2015:18:35:34 +0100] "GET /appointments HTTP/1.1" 200 3439
0:0:0:0:0:0:0:1 - - [04/Jul/2015:18:35:34 +0100] "GET /js/jquery-ui.theme.js HTTP/1.1" 404 136
0:0:0:0:0:0:0:1 - - [04/Jul/2015:18:35:34 +0100] "GET /js/jquery-1.11.3.min.js HTTP/1.1" 404 138
0:0:0:0:0:0:0:1 - - [04/Jul/2015:18:35:36 +0100] "GET /appointments HTTP/1.1" 200 3439
0:0:0:0:0:0:0:1 - - [04/Jul/2015:18:35:36 +0100] "GET /js/jquery-ui.theme.js HTTP/1.1" 404 136
0:0:0:0:0:0:0:1 - - [04/Jul/2015:18:35:36 +0100] "GET /js/jquery-1.11.3.min.js HTTP/1.1" 404 138
0:0:0:0:0:0:0:1 - - [04/Jul/2015:18:35:40 +0100] "GET /js/jquery-ui.theme.js HTTP/1.1" 404 306
0:0:0:0:0:0:0:1 - - [04/Jul/2015:18:36:11 +0100] "GET /js/jquery-ui.theme.js HTTP/1.1" 404 306
0:0:0:0:0:0:0:1 - - [04/Jul/2015:18:37:19 +0100] "GET /appointments HTTP/1.1" 200 3439
0:0:0:0:0:0:0:1 - - [04/Jul/2015:18:37:19 +0100] "GET /js/jquery-ui.theme.js HTTP/1.1" 404 136
0:0:0:0:0:0:0:1 - - [04/Jul/2015:18:37:19 +0100] "GET /js/jquery-1.11.3.min.js HTTP/1.1" 200 95957
0:0:0:0:0:0:0:1 - - [04/Jul/2015:18:37:32 +0100] "GET /js/jquery-ui.theme.js HTTP/1.1" 404 306
0:0:0:0:0:0:0:1 - - [04/Jul/2015:18:38:12 +0100] "GET /appointments HTTP/1.1" 200 3433
0:0:0:0:0:0:0:1 - - [04/Jul/2015:18:38:12 +0100] "GET /js/jquery-ui.js HTTP/1.1" 200 470596
0:0:0:0:0:0:0:1 - - [04/Jul/2015:18:41:43 +0100] "GET /appointments HTTP/1.1" 200 3503
0:0:0:0:0:0:0:1 - - [04/Jul/2015:18:41:43 +0100] "GET /js/application.js HTTP/1.1" 200 50
0:0:0:0:0:0:0:1 - - [04/Jul/2015:18:41:43 +0100] "GET /js/images/ui-bg_highlight-soft_100_eeeeee_1x100.png HTTP/1.1" 200 278
0:0:0:0:0:0:0:1 - - [04/Jul/2015:18:41:46 +0100] "GET /js/images/ui-bg_gloss-wave_35_f6a828_500x100.png HTTP/1.1" 200 5815
0:0:0:0:0:0:0:1 - - [04/Jul/2015:18:41:46 +0100] "GET /js/images/ui-bg_highlight-soft_75_ffe45c_1x100.png HTTP/1.1" 200 328
0:0:0:0:0:0:0:1 - - [04/Jul/2015:18:41:46 +0100] "GET /js/images/ui-icons_ffffff_256x240.png HTTP/1.1" 200 6299
0:0:0:0:0:0:0:1 - - [04/Jul/2015:18:41:46 +0100] "GET /js/images/ui-bg_glass_100_f6f6f6_1x400.png HTTP/1.1" 200 262
0:0:0:0:0:0:0:1 - - [04/Jul/2015:18:41:48 +0100] "GET /js/images/ui-bg_glass_100_fdf5ce_1x400.png HTTP/1.1" 200 348
0:0:0:0:0:0:0:1 - - [04/Jul/2015:18:42:12 +0100] "GET /appointments HTTP/1.1" 200 3503
0:0:0:0:0:0:0:1 - - [04/Jul/2015:18:42:12 +0100] "GET /js/application.js HTTP/1.1" 304 -
0:0:0:0:0:0:0:1 - - [04/Jul/2015:18:42:17 +0100] "POST /appointment/create HTTP/1.1" 200 3775
0:0:0:0:0:0:0:1 - - [04/Jul/2015:18:42:17 +0100] "GET /js/application.js HTTP/1.1" 304 -
0:0:0:0:0:0:0:1 - - [04/Jul/2015:18:43:11 +0100] "GET /js/images/ui-bg_glass_65_ffffff_1x400.png HTTP/1.1" 200 207
0:0:0:0:0:0:0:1 - - [04/Jul/2015:19:06:15 +0100] "POST /appointment/create HTTP/1.1" 302 -
0:0:0:0:0:0:0:1 - - [04/Jul/2015:19:06:15 +0100] "GET /appointments HTTP/1.1" 200 3942
0:0:0:0:0:0:0:1 - - [04/Jul/2015:19:06:15 +0100] "GET /js/application.js HTTP/1.1" 304 -
0:0:0:0:0:0:0:1 - - [04/Jul/2015:19:14:53 +0100] "GET /appointments HTTP/1.1" 200 3569
0:0:0:0:0:0:0:1 - - [04/Jul/2015:19:14:53 +0100] "GET /js/application.js HTTP/1.1" 304 -
0:0:0:0:0:0:0:1 - - [04/Jul/2015:19:15:06 +0100] "POST /appointment/create HTTP/1.1" 302 -
0:0:0:0:0:0:0:1 - - [04/Jul/2015:19:15:06 +0100] "GET /appointments HTTP/1.1" 200 3942
0:0:0:0:0:0:0:1 - - [04/Jul/2015:19:15:59 +0100] "GET /js/images/ui-icons_ef8c08_256x240.png HTTP/1.1" 200 4549
0:0:0:0:0:0:0:1 - - [04/Jul/2015:19:16:15 +0100] "POST /appointment/create HTTP/1.1" 302 -
0:0:0:0:0:0:0:1 - - [04/Jul/2015:19:16:15 +0100] "GET /appointments HTTP/1.1" 200 4104
