0:0:0:0:0:0:0:1 - - [13/Jul/2015:12:00:18 +0100] "GET / HTTP/1.1" 302 -
0:0:0:0:0:0:0:1 - - [13/Jul/2015:12:00:19 +0100] "GET /appointments HTTP/1.1" 200 3569
0:0:0:0:0:0:0:1 - - [13/Jul/2015:12:00:19 +0100] "GET /js/jquery-ui.css HTTP/1.1" 200 36573
0:0:0:0:0:0:0:1 - - [13/Jul/2015:12:00:19 +0100] "GET /js/application.js HTTP/1.1" 200 53
0:0:0:0:0:0:0:1 - - [13/Jul/2015:12:00:19 +0100] "GET /js/jquery-ui.theme.css HTTP/1.1" 200 17825
0:0:0:0:0:0:0:1 - - [13/Jul/2015:12:00:19 +0100] "GET /js/jquery-1.11.3.min.js HTTP/1.1" 200 95962
0:0:0:0:0:0:0:1 - - [13/Jul/2015:12:00:19 +0100] "GET /js/jquery-ui.js HTTP/1.1" 200 487212
0:0:0:0:0:0:0:1 - - [13/Jul/2015:12:00:19 +0100] "GET /favicon.ico HTTP/1.1" 200 946
0:0:0:0:0:0:0:1 - - [13/Jul/2015:12:00:23 +0100] "POST /appointment/create HTTP/1.1" 200 3926
0:0:0:0:0:0:0:1 - - [13/Jul/2015:14:57:26 +0100] "GET / HTTP/1.1" 302 -
0:0:0:0:0:0:0:1 - - [13/Jul/2015:14:57:27 +0100] "GET /appointments HTTP/1.1" 200 3569
0:0:0:0:0:0:0:1 - - [13/Jul/2015:14:57:27 +0100] "GET /js/application.js HTTP/1.1" 200 53
0:0:0:0:0:0:0:1 - - [13/Jul/2015:14:57:27 +0100] "GET /js/jquery-1.11.3.min.js HTTP/1.1" 200 95962
0:0:0:0:0:0:0:1 - - [13/Jul/2015:14:57:27 +0100] "GET /js/jquery-ui.css HTTP/1.1" 200 36573
0:0:0:0:0:0:0:1 - - [13/Jul/2015:14:57:27 +0100] "GET /js/jquery-ui.theme.css HTTP/1.1" 200 17825
0:0:0:0:0:0:0:1 - - [13/Jul/2015:14:57:27 +0100] "GET /js/jquery-ui.js HTTP/1.1" 200 487212
0:0:0:0:0:0:0:1 - - [13/Jul/2015:14:57:27 +0100] "GET /favicon.ico HTTP/1.1" 200 946
0:0:0:0:0:0:0:1 - - [13/Jul/2015:14:59:09 +0100] "POST /appointment/create HTTP/1.1" 200 3926
0:0:0:0:0:0:0:1 - - [13/Jul/2015:15:50:15 +0100] "GET /appointment/create HTTP/1.1" 405 337
0:0:0:0:0:0:0:1 - - [13/Jul/2015:15:50:15 +0100] "GET /favicon.ico HTTP/1.1" 304 -
0:0:0:0:0:0:0:1 - - [13/Jul/2015:15:50:20 +0100] "GET / HTTP/1.1" 302 -
0:0:0:0:0:0:0:1 - - [13/Jul/2015:15:50:21 +0100] "GET /appointments HTTP/1.1" 200 3569
0:0:0:0:0:0:0:1 - - [13/Jul/2015:15:50:21 +0100] "GET /js/jquery-ui.css HTTP/1.1" 304 -
0:0:0:0:0:0:0:1 - - [13/Jul/2015:15:50:21 +0100] "GET /js/jquery-ui.theme.css HTTP/1.1" 304 -
0:0:0:0:0:0:0:1 - - [13/Jul/2015:15:50:21 +0100] "GET /js/jquery-1.11.3.min.js HTTP/1.1" 304 -
0:0:0:0:0:0:0:1 - - [13/Jul/2015:15:50:21 +0100] "GET /js/jquery-ui.js HTTP/1.1" 304 -
0:0:0:0:0:0:0:1 - - [13/Jul/2015:15:50:21 +0100] "GET /js/application.js HTTP/1.1" 304 -
0:0:0:0:0:0:0:1 - - [13/Jul/2015:15:50:29 +0100] "GET /driver/list HTTP/1.1" 404 306
0:0:0:0:0:0:0:1 - - [13/Jul/2015:15:50:33 +0100] "GET /drivers/list HTTP/1.1" 404 306
0:0:0:0:0:0:0:1 - - [13/Jul/2015:15:50:52 +0100] "GET /driver/list HTTP/1.1" 404 306
0:0:0:0:0:0:0:1 - - [13/Jul/2015:15:50:58 +0100] "GET /driver/list HTTP/1.1" 404 306
0:0:0:0:0:0:0:1 - - [13/Jul/2015:15:55:09 +0100] "GET /driver/list HTTP/1.1" 404 306
0:0:0:0:0:0:0:1 - - [13/Jul/2015:15:55:13 +0100] "GET /driver/list HTTP/1.1" 404 306
0:0:0:0:0:0:0:1 - - [13/Jul/2015:15:55:14 +0100] "GET /driver/list HTTP/1.1" 404 306
0:0:0:0:0:0:0:1 - - [13/Jul/2015:15:55:15 +0100] "GET /driver/list HTTP/1.1" 404 306
0:0:0:0:0:0:0:1 - - [13/Jul/2015:15:55:16 +0100] "GET /driver/list HTTP/1.1" 404 306
0:0:0:0:0:0:0:1 - - [13/Jul/2015:15:57:45 +0100] "GET /driver/list HTTP/1.1" 404 306
0:0:0:0:0:0:0:1 - - [13/Jul/2015:15:57:47 +0100] "GET /driver/list HTTP/1.1" 404 306
0:0:0:0:0:0:0:1 - - [13/Jul/2015:15:57:48 +0100] "GET /driver/list HTTP/1.1" 404 306
0:0:0:0:0:0:0:1 - - [13/Jul/2015:16:05:52 +0100] "GET /driver/list HTTP/1.1" 500 377
0:0:0:0:0:0:0:1 - - [13/Jul/2015:16:06:12 +0100] "GET /driver/list HTTP/1.1" 200 250
0:0:0:0:0:0:0:1 - - [13/Jul/2015:16:06:55 +0100] "GET /driver/list HTTP/1.1" 200 293
