0:0:0:0:0:0:0:1 - - [27/Jul/2015:14:59:55 +0100] "GET / HTTP/1.1" 302 -
0:0:0:0:0:0:0:1 - - [27/Jul/2015:14:59:55 +0100] "GET /appointments HTTP/1.1" 200 4249
0:0:0:0:0:0:0:1 - - [27/Jul/2015:14:59:56 +0100] "GET /js/application.js HTTP/1.1" 200 53
0:0:0:0:0:0:0:1 - - [27/Jul/2015:14:59:56 +0100] "GET /js/jquery-ui.theme.css HTTP/1.1" 200 17825
0:0:0:0:0:0:0:1 - - [27/Jul/2015:14:59:56 +0100] "GET /js/jquery-1.11.3.min.js HTTP/1.1" 200 95962
0:0:0:0:0:0:0:1 - - [27/Jul/2015:14:59:56 +0100] "GET /js/jquery-ui.css HTTP/1.1" 200 36573
0:0:0:0:0:0:0:1 - - [27/Jul/2015:14:59:56 +0100] "GET /js/jquery-ui.js HTTP/1.1" 200 487212
0:0:0:0:0:0:0:1 - - [27/Jul/2015:14:59:56 +0100] "GET /favicon.ico HTTP/1.1" 200 946
0:0:0:0:0:0:0:1 - - [27/Jul/2015:15:03:33 +0100] "GET /appointments HTTP/1.1" 200 4718
0:0:0:0:0:0:0:1 - - [27/Jul/2015:15:03:33 +0100] "GET /js/jquery-ui.css HTTP/1.1" 304 -
0:0:0:0:0:0:0:1 - - [27/Jul/2015:15:03:33 +0100] "GET /js/application.js HTTP/1.1" 304 -
0:0:0:0:0:0:0:1 - - [27/Jul/2015:15:03:33 +0100] "GET /js/jquery-ui.theme.css HTTP/1.1" 304 -
0:0:0:0:0:0:0:1 - - [27/Jul/2015:15:03:33 +0100] "GET /js/jquery-1.11.3.min.js HTTP/1.1" 304 -
0:0:0:0:0:0:0:1 - - [27/Jul/2015:15:03:33 +0100] "GET /js/jquery-ui.js HTTP/1.1" 304 -
0:0:0:0:0:0:0:1 - - [27/Jul/2015:15:04:22 +0100] "GET /appointments HTTP/1.1" 200 4718
0:0:0:0:0:0:0:1 - - [27/Jul/2015:15:04:22 +0100] "GET /js/jquery-ui.css HTTP/1.1" 304 -
0:0:0:0:0:0:0:1 - - [27/Jul/2015:15:04:22 +0100] "GET /js/jquery-ui.theme.css HTTP/1.1" 304 -
0:0:0:0:0:0:0:1 - - [27/Jul/2015:15:04:22 +0100] "GET /js/jquery-ui.js HTTP/1.1" 304 -
0:0:0:0:0:0:0:1 - - [27/Jul/2015:15:04:22 +0100] "GET /js/application.js HTTP/1.1" 304 -
0:0:0:0:0:0:0:1 - - [27/Jul/2015:15:04:22 +0100] "GET /js/jquery-1.11.3.min.js HTTP/1.1" 304 -
0:0:0:0:0:0:0:1 - - [27/Jul/2015:15:05:13 +0100] "GET /appointments HTTP/1.1" 200 4718
0:0:0:0:0:0:0:1 - - [27/Jul/2015:15:05:13 +0100] "GET /js/jquery-ui.theme.css HTTP/1.1" 304 -
0:0:0:0:0:0:0:1 - - [27/Jul/2015:15:05:13 +0100] "GET /js/jquery-ui.css HTTP/1.1" 304 -
0:0:0:0:0:0:0:1 - - [27/Jul/2015:15:05:13 +0100] "GET /js/jquery-1.11.3.min.js HTTP/1.1" 304 -
0:0:0:0:0:0:0:1 - - [27/Jul/2015:15:05:13 +0100] "GET /js/jquery-ui.js HTTP/1.1" 304 -
0:0:0:0:0:0:0:1 - - [27/Jul/2015:15:05:13 +0100] "GET /js/application.js HTTP/1.1" 304 -
0:0:0:0:0:0:0:1 - - [27/Jul/2015:15:05:17 +0100] "GET /appointments HTTP/1.1" 200 4715
0:0:0:0:0:0:0:1 - - [27/Jul/2015:15:05:17 +0100] "GET /js/jquery-ui.css HTTP/1.1" 304 -
0:0:0:0:0:0:0:1 - - [27/Jul/2015:15:05:17 +0100] "GET /js/jquery-ui.theme.css HTTP/1.1" 304 -
0:0:0:0:0:0:0:1 - - [27/Jul/2015:15:05:18 +0100] "GET /js/jquery-1.11.3.min.js HTTP/1.1" 304 -
0:0:0:0:0:0:0:1 - - [27/Jul/2015:15:05:18 +0100] "GET /js/jquery-ui.js HTTP/1.1" 304 -
0:0:0:0:0:0:0:1 - - [27/Jul/2015:15:05:18 +0100] "GET /js/application.js HTTP/1.1" 304 -
0:0:0:0:0:0:0:1 - - [27/Jul/2015:15:05:40 +0100] "GET /appointments HTTP/1.1" 200 4747
0:0:0:0:0:0:0:1 - - [27/Jul/2015:15:05:40 +0100] "GET /js/jquery-ui.css HTTP/1.1" 304 -
0:0:0:0:0:0:0:1 - - [27/Jul/2015:15:05:40 +0100] "GET /js/jquery-1.11.3.min.js HTTP/1.1" 304 -
0:0:0:0:0:0:0:1 - - [27/Jul/2015:15:05:40 +0100] "GET /js/jquery-ui.js HTTP/1.1" 304 -
0:0:0:0:0:0:0:1 - - [27/Jul/2015:15:05:40 +0100] "GET /js/application.js HTTP/1.1" 304 -
0:0:0:0:0:0:0:1 - - [27/Jul/2015:15:05:40 +0100] "GET /js/jquery-ui.theme.css HTTP/1.1" 304 -
0:0:0:0:0:0:0:1 - - [27/Jul/2015:15:05:51 +0100] "GET /appointments HTTP/1.1" 200 4747
0:0:0:0:0:0:0:1 - - [27/Jul/2015:15:05:51 +0100] "GET /js/jquery-ui.css HTTP/1.1" 304 -
0:0:0:0:0:0:0:1 - - [27/Jul/2015:15:05:51 +0100] "GET /js/jquery-ui.theme.css HTTP/1.1" 304 -
0:0:0:0:0:0:0:1 - - [27/Jul/2015:15:05:51 +0100] "GET /js/jquery-1.11.3.min.js HTTP/1.1" 304 -
0:0:0:0:0:0:0:1 - - [27/Jul/2015:15:05:51 +0100] "GET /js/application.js HTTP/1.1" 304 -
0:0:0:0:0:0:0:1 - - [27/Jul/2015:15:05:51 +0100] "GET /js/jquery-ui.js HTTP/1.1" 304 -
0:0:0:0:0:0:0:1 - - [27/Jul/2015:15:09:48 +0100] "GET /appointments HTTP/1.1" 200 5199
0:0:0:0:0:0:0:1 - - [27/Jul/2015:15:09:48 +0100] "GET /js/jquery-ui.theme.css HTTP/1.1" 304 -
0:0:0:0:0:0:0:1 - - [27/Jul/2015:15:09:48 +0100] "GET /js/jquery-1.11.3.min.js HTTP/1.1" 304 -
0:0:0:0:0:0:0:1 - - [27/Jul/2015:15:09:48 +0100] "GET /js/jquery-ui.css HTTP/1.1" 304 -
0:0:0:0:0:0:0:1 - - [27/Jul/2015:15:09:48 +0100] "GET /js/jquery-ui.js HTTP/1.1" 304 -
0:0:0:0:0:0:0:1 - - [27/Jul/2015:15:09:48 +0100] "GET /js/application.js HTTP/1.1" 304 -
0:0:0:0:0:0:0:1 - - [27/Jul/2015:15:10:33 +0100] "GET /appointments HTTP/1.1" 200 5239
0:0:0:0:0:0:0:1 - - [27/Jul/2015:15:10:33 +0100] "GET /js/jquery-ui.css HTTP/1.1" 304 -
0:0:0:0:0:0:0:1 - - [27/Jul/2015:15:10:33 +0100] "GET /js/jquery-ui.theme.css HTTP/1.1" 304 -
0:0:0:0:0:0:0:1 - - [27/Jul/2015:15:10:33 +0100] "GET /js/application.js HTTP/1.1" 304 -
0:0:0:0:0:0:0:1 - - [27/Jul/2015:15:10:33 +0100] "GET /js/jquery-1.11.3.min.js HTTP/1.1" 304 -
0:0:0:0:0:0:0:1 - - [27/Jul/2015:15:10:33 +0100] "GET /js/jquery-ui.js HTTP/1.1" 304 -
0:0:0:0:0:0:0:1 - - [27/Jul/2015:15:11:31 +0100] "GET /appointments HTTP/1.1" 200 5239
0:0:0:0:0:0:0:1 - - [27/Jul/2015:15:11:31 +0100] "GET /js/application.js HTTP/1.1" 200 53
0:0:0:0:0:0:0:1 - - [27/Jul/2015:15:11:31 +0100] "GET /js/jquery-ui.theme.css HTTP/1.1" 200 17825
0:0:0:0:0:0:0:1 - - [27/Jul/2015:15:11:31 +0100] "GET /js/jquery-ui.css HTTP/1.1" 200 36573
0:0:0:0:0:0:0:1 - - [27/Jul/2015:15:11:31 +0100] "GET /js/jquery-1.11.3.min.js HTTP/1.1" 200 95962
0:0:0:0:0:0:0:1 - - [27/Jul/2015:15:11:31 +0100] "GET /js/jquery-ui.js HTTP/1.1" 200 487212
0:0:0:0:0:0:0:1 - - [27/Jul/2015:15:11:32 +0100] "GET /js/images/ui-bg_highlight-soft_100_eeeeee_1x100.png HTTP/1.1" 200 278
0:0:0:0:0:0:0:1 - - [27/Jul/2015:15:11:32 +0100] "GET /favicon.ico HTTP/1.1" 200 946
0:0:0:0:0:0:0:1 - - [27/Jul/2015:15:12:08 +0100] "GET /appointments HTTP/1.1" 200 5239
0:0:0:0:0:0:0:1 - - [27/Jul/2015:15:12:08 +0100] "GET /js/jquery-ui.css HTTP/1.1" 304 -
0:0:0:0:0:0:0:1 - - [27/Jul/2015:15:12:08 +0100] "GET /js/jquery-ui.theme.css HTTP/1.1" 304 -
0:0:0:0:0:0:0:1 - - [27/Jul/2015:15:12:08 +0100] "GET /js/application.js HTTP/1.1" 304 -
0:0:0:0:0:0:0:1 - - [27/Jul/2015:15:12:08 +0100] "GET /js/jquery-ui.js HTTP/1.1" 304 -
0:0:0:0:0:0:0:1 - - [27/Jul/2015:15:12:08 +0100] "GET /js/jquery-1.11.3.min.js HTTP/1.1" 304 -
0:0:0:0:0:0:0:1 - - [27/Jul/2015:15:52:07 +0100] "GET / HTTP/1.1" 302 -
0:0:0:0:0:0:0:1 - - [27/Jul/2015:15:52:07 +0100] "GET /appointments HTTP/1.1" 200 5239
0:0:0:0:0:0:0:1 - - [27/Jul/2015:15:52:24 +0100] "POST /appointment/create HTTP/1.1" 200 5596
